<?xml version="1.0" encoding="UTF-8"?>
<!-- Generated by org.testng.reporters.JUnitReportReporter -->
<testsuite hostname="LAPTOP-5DMPA42V" failures="0" tests="1" name="mock.GetAttributeValue" time="6.650" errors="0" timestamp="2023-10-03T15:11:40 IST" skipped="0">
  <testcase classname="mock.GetAttributeValue" name="getAttributeValue" time="6.650"/>
</testsuite> <!-- mock.GetAttributeValue -->
