<?xml version="1.0" encoding="UTF-8"?>
<!-- Generated by org.testng.reporters.JUnitReportReporter -->
<testsuite hostname="LAPTOP-5DMPA42V" failures="0" tests="1" name="com.HMS.admin.AddDoctor_AdminModuleTest" time="5.300" errors="0" timestamp="2023-09-20T10:52:36 IST" skipped="0">
  <testcase classname="com.HMS.admin.AddDoctor_AdminModuleTest" name="addDoctor_AdminModuleTest" time="5.300"/>
</testsuite> <!-- com.HMS.admin.AddDoctor_AdminModuleTest -->
