<?xml version="1.0" encoding="UTF-8"?>
<!-- Generated by org.testng.reporters.JUnitReportReporter -->
<testsuite hostname="LAPTOP-5DMPA42V" failures="0" tests="1" name="com.HMS.admin.DeleteDoctor_AdminModuleTest" time="1.155" errors="0" timestamp="2023-09-20T12:30:01 IST" skipped="0">
  <testcase classname="com.HMS.admin.DeleteDoctor_AdminModuleTest" name="deleteDoctor_AdminModuleTest" time="1.155"/>
</testsuite> <!-- com.HMS.admin.DeleteDoctor_AdminModuleTest -->
