<?xml version="1.0" encoding="UTF-8"?>
<!-- Generated by org.testng.reporters.JUnitReportReporter -->
<testsuite hostname="LAPTOP-5DMPA42V" failures="0" tests="1" name="com.practice.UsingCmdTest" time="24.473" errors="0" timestamp="2023-09-06T14:49:44 IST" skipped="0">
  <testcase classname="com.practice.UsingCmdTest" name="m1" time="24.473"/>
</testsuite> <!-- com.practice.UsingCmdTest -->
