<?xml version="1.0" encoding="UTF-8"?>
<!-- Generated by org.testng.reporters.JUnitReportReporter -->
<testsuite hostname="LAPTOP-5DMPA42V" failures="0" tests="1" name="com.HMS.admin.AddDoctorSpecialinzation_AdminModuleTest" time="4.965" errors="0" timestamp="2023-09-19T15:31:59 IST" skipped="0">
  <testcase classname="com.HMS.admin.AddDoctorSpecialinzation_AdminModuleTest" name="addDoctorSpecialinzation_AdminModuleTest" time="4.965"/>
</testsuite> <!-- com.HMS.admin.AddDoctorSpecialinzation_AdminModuleTest -->
