<?xml version="1.0" encoding="UTF-8"?>
<!-- Generated by org.testng.reporters.JUnitReportReporter -->
<testsuite hostname="LAPTOP-5DMPA42V" failures="0" tests="1" name="com.HMS.admin.DeleteDoctor_AdminModuleTest" time="2.032" errors="0" timestamp="2023-09-19T16:57:29 IST" skipped="0">
  <testcase classname="com.HMS.admin.DeleteDoctor_AdminModuleTest" name="deleteDoctor_AdminModuleTest" time="2.032"/>
</testsuite> <!-- com.HMS.admin.DeleteDoctor_AdminModuleTest -->
