<?xml version="1.0" encoding="UTF-8"?>
<!-- Generated by org.testng.reporters.JUnitReportReporter -->
<testsuite hostname="LAPTOP-5DMPA42V" failures="0" tests="2" name="com.HMS.admin.EditDoctorDetails_AdminModuleTest" time="5.275" errors="0" timestamp="2023-09-21T17:22:20 IST" skipped="0">
  <testcase classname="com.HMS.admin.EditDoctorDetails_AdminModuleTest" name="editDoctorDetails_AdminModuleTest" time="2.997"/>
  <testcase classname="com.HMS.admin.EditDoctorDetails_AdminModuleTest" name="editDoctorDetails_AdminModuleTest" time="2.278"/>
</testsuite> <!-- com.HMS.admin.EditDoctorDetails_AdminModuleTest -->
