<?xml version="1.0" encoding="UTF-8"?>
<!-- Generated by org.testng.reporters.JUnitReportReporter -->
<testsuite hostname="LAPTOP-5DMPA42V" failures="0" tests="1" name="com.HMS.admin.dummy" time="2.210" errors="0" timestamp="2023-09-19T16:26:36 IST" skipped="0">
  <testcase classname="com.HMS.admin.dummy" name="dum" time="2.210"/>
</testsuite> <!-- com.HMS.admin.dummy -->
