<?xml version="1.0" encoding="UTF-8"?>
<!-- Generated by org.testng.reporters.JUnitReportReporter -->
<testsuite hostname="LAPTOP-5DMPA42V" failures="0" tests="1" name="mock.EmiCaluculater" time="9.337" errors="0" timestamp="2023-10-03T17:52:46 IST" skipped="0">
  <testcase classname="mock.EmiCaluculater" name="emiCaluculater" time="9.337"/>
</testsuite> <!-- mock.EmiCaluculater -->
