<?xml version="1.0" encoding="UTF-8"?>
<!-- Generated by org.testng.reporters.JUnitReportReporter -->
<testsuite hostname="LAPTOP-5DMPA42V" failures="0" tests="1" name="com.HMS.admin.EditDoctorDetails_AdminModuleTest" time="2.556" errors="0" timestamp="2023-09-20T10:52:36 IST" skipped="0">
  <testcase classname="com.HMS.admin.EditDoctorDetails_AdminModuleTest" name="editDoctorDetails_AdminModuleTest" time="2.556"/>
</testsuite> <!-- com.HMS.admin.EditDoctorDetails_AdminModuleTest -->
