<?xml version="1.0" encoding="UTF-8"?>
<!-- Generated by org.testng.reporters.JUnitReportReporter -->
<testsuite hostname="LAPTOP-5DMPA42V" failures="0" tests="1" name="com.HMS.admin.AddDoctorSpecialinzation_AdminModuleTest" time="5.267" errors="0" timestamp="2023-09-20T10:52:36 IST" skipped="0">
  <testcase classname="com.HMS.admin.AddDoctorSpecialinzation_AdminModuleTest" name="addDoctorSpecialinzation_AdminModuleTest" time="5.267"/>
</testsuite> <!-- com.HMS.admin.AddDoctorSpecialinzation_AdminModuleTest -->
