<?xml version="1.0" encoding="UTF-8"?>
<!-- Generated by org.testng.reporters.JUnitReportReporter -->
<testsuite hostname="LAPTOP-5DMPA42V" failures="0" tests="1" name="com.HMS.Doctor.AddPatient_DoctorModuleTest" time="3.917" errors="0" timestamp="2023-09-20T14:38:13 IST" skipped="0">
  <testcase classname="com.HMS.Doctor.AddPatient_DoctorModuleTest" name="addPatientDoctorModuleTest" time="3.917"/>
</testsuite> <!-- com.HMS.Doctor.AddPatient_DoctorModuleTest -->
